0 info it worked if it ends with ok
1 verbose cli [ '/usr/local/bin/node', '/usr/local/bin/npm', 'publish', '-f' ]
2 info using npm@1.4.14
3 info using node@v0.10.29
4 warn using --force I sure hope you know what you are doing.
5 verbose publish [ '.' ]
6 verbose cache add [ '.', null ]
7 verbose cache add name=undefined spec="." args=[".",null]
8 verbose parsed url { protocol: null,
8 verbose parsed url   slashes: null,
8 verbose parsed url   auth: null,
8 verbose parsed url   host: null,
8 verbose parsed url   port: null,
8 verbose parsed url   hostname: null,
8 verbose parsed url   hash: null,
8 verbose parsed url   search: null,
8 verbose parsed url   query: null,
8 verbose parsed url   pathname: '.',
8 verbose parsed url   path: '.',
8 verbose parsed url   href: '.' }
9 silly lockFile 3a52ce78- .
10 verbose lock . /Users/admin/.npm/3a52ce78-.lock
11 verbose tar pack [ '/Users/admin/.npm/pliers-imagemin/0.0.2/package.tgz', '.' ]
12 verbose tarball /Users/admin/.npm/pliers-imagemin/0.0.2/package.tgz
13 verbose folder .
14 info prepublish pliers-imagemin@0.0.2
15 silly lockFile 1f1177db-tar tar://.
16 verbose lock tar://. /Users/admin/.npm/1f1177db-tar.lock
17 silly lockFile 9a541b17-liers-imagemin-0-0-2-package-tgz tar:///Users/admin/.npm/pliers-imagemin/0.0.2/package.tgz
18 verbose lock tar:///Users/admin/.npm/pliers-imagemin/0.0.2/package.tgz /Users/admin/.npm/9a541b17-liers-imagemin-0-0-2-package-tgz.lock
19 silly lockFile 1f1177db-tar tar://.
20 silly lockFile 1f1177db-tar tar://.
21 silly lockFile 9a541b17-liers-imagemin-0-0-2-package-tgz tar:///Users/admin/.npm/pliers-imagemin/0.0.2/package.tgz
22 silly lockFile 9a541b17-liers-imagemin-0-0-2-package-tgz tar:///Users/admin/.npm/pliers-imagemin/0.0.2/package.tgz
23 silly lockFile 5bfb8f71-pm-pliers-imagemin-0-0-2-package /Users/admin/.npm/pliers-imagemin/0.0.2/package
24 verbose lock /Users/admin/.npm/pliers-imagemin/0.0.2/package /Users/admin/.npm/5bfb8f71-pm-pliers-imagemin-0-0-2-package.lock
25 silly lockFile 5bfb8f71-pm-pliers-imagemin-0-0-2-package /Users/admin/.npm/pliers-imagemin/0.0.2/package
26 silly lockFile 5bfb8f71-pm-pliers-imagemin-0-0-2-package /Users/admin/.npm/pliers-imagemin/0.0.2/package
27 silly lockFile 3a52ce78- .
28 silly lockFile 3a52ce78- .
29 silly publish { author: { name: 'Ben Edwards', email: 'hello@benedfit.com' },
29 silly publish   name: 'pliers-imagemin',
29 silly publish   description: 'Minify GIFs, JPGs, PNGs, and SVGs.',
29 silly publish   version: '0.0.2',
29 silly publish   tags: [ 'pliers', 'minification', 'optimisation' ],
29 silly publish   repository: { type: 'git', url: 'git@github.com:plierjs/pliers-imagemin' },
29 silly publish   publishConfig: { registry: 'http://registry.npmjs.org' },
29 silly publish   main: './pliers-imagemin',
29 silly publish   scripts: { lint: 'jshint . --reporter=./node_modules/jshint-full-path/index.js' },
29 silly publish   engines: { node: '>=0.10' },
29 silly publish   dependencies:
29 silly publish    { async: '^0.9.0',
29 silly publish      chalk: '^0.5.1',
29 silly publish      imagemin: '^0.4.6',
29 silly publish      path: '^0.4.9',
29 silly publish      'pretty-bytes': '^0.1.2' },
29 silly publish   devDependencies: { 'jshint-full-path': '~1.1.1' },
29 silly publish   readme: '# [pliers](http://pliersjs.github.io/)-imagemin\n\nMinify GIFs, JPGs, PNGs, and SVGs.\n\n## Installation\n\n      npm install pliers-imagemin\n\n## Usage\n\nThis will expose a new pliers task.\n\n```js\n// within a pliers.js\nmodule.exports = function (pliers) {\n\n  require(\'pliers-imagemin\')(pliers)\n\n}\n```\n\nThen from the cli:\n\n```\npliers imagemin\n```\n\n## Credits\n[Ben Edwards](https://github.com/benedfit/) follow me on twitter [@benedfit](https://twitter.com/benedfit)\n\n## Licence\nLicensed under the [New BSD License](http://opensource.org/licenses/bsd-license.php)\n',
29 silly publish   readmeFilename: 'README.md',
29 silly publish   gitHead: '83d0eb1140c09d76bcd622b1544bc90aa649123d',
29 silly publish   bugs: { url: 'https://github.com/plierjs/pliers-imagemin/issues' },
29 silly publish   homepage: 'https://github.com/plierjs/pliers-imagemin',
29 silly publish   _id: 'pliers-imagemin@0.0.2',
29 silly publish   _shasum: 'e9f2ea4403d486d3a93dca9999f0388f1a8160e6',
29 silly publish   _from: '.' }
30 verbose url raw pliers-imagemin
31 verbose url resolving [ 'http://registry.npmjs.org/', './pliers-imagemin' ]
32 verbose url resolved http://registry.npmjs.org/pliers-imagemin
33 info trying registry request attempt 1 at 10:38:31
34 http PUT http://registry.npmjs.org/pliers-imagemin
35 http 403 http://registry.npmjs.org/pliers-imagemin
36 verbose headers { server: 'CouchDB/1.5.0 (Erlang OTP/R14B04)',
36 verbose headers   'content-type': 'application/json',
36 verbose headers   'cache-control': 'max-age=60',
36 verbose headers   'content-length': '3571',
36 verbose headers   'accept-ranges': 'bytes',
36 verbose headers   date: 'Wed, 06 Aug 2014 09:38:32 GMT',
36 verbose headers   via: '1.1 varnish',
36 verbose headers   connection: 'keep-alive',
36 verbose headers   'x-served-by': 'cache-lcy1133-LCY',
36 verbose headers   'x-cache': 'MISS',
36 verbose headers   'x-cache-hits': '0',
36 verbose headers   'x-timer': 'S1407317911.935772,VS0,VE319' }
37 error publish Failed PUT 403
38 error Error: forbidden cannot modify pre-existing version: 0.0.2
38 error old={"author":{"name":"Ben Edwards","email":"hello@benedfit.com"},"name":"pliers-imagemin","description":"Minify GIFs, JPGs, PNGs, and SVGs.","version":"0.0.2","tags":["pliers","minification","optimisation"],"repository":{"type":"git","url":"git@github.com:plierjs/pliers-imagemin"},"publishConfig":{"registry":"http://registry.npmjs.org"},"main":"./pliers-imagemin","scripts":{"lint":"jshint . --reporter=./node_modules/jshint-full-path/index.js"},"engines":{"node":">=0.10"},"dependencies":{"async":"^0.9.0","chalk":"^0.5.1","imagemin":"^0.4.6","path":"^0.4.9","pretty-bytes":"^0.1.2"},"devDependencies":{"jshint-full-path":"~1.1.1"},"gitHead":"83d0eb1140c09d76bcd622b1544bc90aa649123d","bugs":{"url":"https://github.com/plierjs/pliers-imagemin/issues"},"homepage":"https://github.com/plierjs/pliers-imagemin","_id":"pliers-imagemin@0.0.2","_shasum":"e9f2ea4403d486d3a93dca9999f0388f1a8160e6","_from":".","_npmVersion":"1.4.14","_npmUser":{"name":"benedfit","email":"hello@benedfit.com"},"maintainers":[{"name":"benedfit","email":"hello@benedfit.com"}],"dist":{"shasum":"e9f2ea4403d486d3a93dca9999f0388f1a8160e6","tarball":"http://registry.npmjs.org/pliers-imagemin/-/pliers-imagemin-0.0.2.tgz"}}
38 error new={"author":{"name":"Ben Edwards","email":"hello@benedfit.com"},"name":"pliers-imagemin","description":"Minify GIFs, JPGs, PNGs, and SVGs.","version":"0.0.2","tags":["pliers","minification","optimisation"],"repository":{"type":"git","url":"git@github.com:plierjs/pliers-imagemin"},"publishConfig":{"registry":"http://registry.npmjs.org"},"main":"./pliers-imagemin","scripts":{"lint":"jshint . --reporter=./node_modules/jshint-full-path/index.js"},"engines":{"node":">=0.10"},"dependencies":{"async":"^0.9.0","chalk":"^0.5.1","imagemin":"^0.4.6","path":"^0.4.9","pretty-bytes":"^0.1.2"},"devDependencies":{"jshint-full-path":"~1.1.1"},"readme":"# [pliers](http://pliersjs.github.io/)-imagemin\u000a\u000aMinify GIFs, JPGs, PNGs, and SVGs.\u000a\u000a## Installation\u000a\u000a      npm install pliers-imagemin\u000a\u000a## Usage\u000a\u000aThis will expose a new pliers task.\u000a\u000a```js\u000a// within a pliers.js\u000amodule.exports = function (pliers) {\u000a\u000a  require('pliers-imagemin')(pliers)\u000a\u000a}\u000a```\u000a\u000aThen from the cli:\u000a\u000a```\u000apliers imagemin\u000a```\u000a\u000a## Credits\u000a[Ben Edwards](https://github.com/benedfit/) follow me on twitter [@benedfit](https://twitter.com/benedfit)\u000a\u000a## Licence\u000aLicensed under the [New BSD License](http://opensource.org/licenses/bsd-license.php)\u000a","readmeFilename":"README.md","gitHead":"83d0eb1140c09d76bcd622b1544bc90aa649123d","bugs":{"url":"https://github.com/plierjs/pliers-imagemin/issues"},"homepage":"https://github.com/plierjs/pliers-imagemin","_id":"pliers-imagemin@0.0.2","_shasum":"e9f2ea4403d486d3a93dca9999f0388f1a8160e6","_from":".","_npmVersion":"1.4.14","_npmUser":{"name":"benedfit","email":"hello@benedfit.com"},"maintainers":[{"name":"benedfit","email":"hello@benedfit.com"}],"dist":{"shasum":"e9f2ea4403d486d3a93dca9999f0388f1a8160e6","tarball":"http://registry.npmjs.org/pliers-imagemin/-/pliers-imagemin-0.0.2.tgz"}}: pliers-imagemin
38 error     at RegClient.<anonymous> (/usr/local/lib/node_modules/npm/node_modules/npm-registry-client/lib/request.js:274:14)
38 error     at Request._callback (/usr/local/lib/node_modules/npm/node_modules/npm-registry-client/lib/request.js:212:65)
38 error     at Request.self.callback (/usr/local/lib/node_modules/npm/node_modules/request/request.js:123:22)
38 error     at Request.emit (events.js:98:17)
38 error     at Request.<anonymous> (/usr/local/lib/node_modules/npm/node_modules/request/request.js:893:14)
38 error     at Request.emit (events.js:117:20)
38 error     at IncomingMessage.<anonymous> (/usr/local/lib/node_modules/npm/node_modules/request/request.js:844:12)
38 error     at IncomingMessage.emit (events.js:117:20)
38 error     at _stream_readable.js:929:16
38 error     at process._tickCallback (node.js:419:13)
39 error If you need help, you may report this *entire* log,
39 error including the npm and node versions, at:
39 error     <http://github.com/npm/npm/issues>
40 error System Darwin 13.3.0
41 error command "/usr/local/bin/node" "/usr/local/bin/npm" "publish" "-f"
42 error cwd /private/var/application/Benedfit/pliers-imagemin
43 error node -v v0.10.29
44 error npm -v 1.4.14
45 verbose exit [ 1, true ]
